make[1]: Entering directory '/home/no1_really/Azrael-RM6785/out'
  GEN     ./Makefile
scripts/kconfig/conf  --silentoldconfig Kconfig
warning: (ANDROID_DEFAULT_SETTING) selects SCHED_DEBUG which has unmet direct dependencies (DEBUG_KERNEL && PROC_FS)
warning: (ANDROID_DEFAULT_SETTING && BUG_ON_DATA_CORRUPTION) selects DEBUG_LIST which has unmet direct dependencies (DEBUG_KERNEL || BUG_ON_DATA_CORRUPTION)
warning: (ANDROID_DEFAULT_SETTING) selects SCHED_DEBUG which has unmet direct dependencies (DEBUG_KERNEL && PROC_FS)
warning: (ANDROID_DEFAULT_SETTING && BUG_ON_DATA_CORRUPTION) selects DEBUG_LIST which has unmet direct dependencies (DEBUG_KERNEL || BUG_ON_DATA_CORRUPTION)
  CHK     include/config/kernel.release
  GEN     ./Makefile
  UPD     include/config/kernel.release
  CHK     include/generated/uapi/linux/version.h
  UPD     include/generated/uapi/linux/version.h
  CHK     include/generated/utsrelease.h
rm -f dtboimg.cfg.tmp
  HOSTCC  scripts/basic/fixdep
  UPD     include/generated/utsrelease.h
echo /home/no1_really/Azrael-RM6785/out/arch/arm64/boot/dts/mediatek/oppo6785_20682.dtbo >>dtboimg.cfg.tmp; echo " id=0" >>dtboimg.cfg.tmp;  echo /home/no1_really/Azrael-RM6785/out/arch/arm64/boot/dts/mediatek/oppo6785_20684.dtbo >>dtboimg.cfg.tmp; echo " id=1" >>dtboimg.cfg.tmp;  echo /home/no1_really/Azrael-RM6785/out/arch/arm64/boot/dts/mediatek/oppo6785_19661.dtbo >>dtboimg.cfg.tmp; echo " id=2" >>dtboimg.cfg.tmp; 
rm -f dtbimg.cfg.tmp
if ! cmp -s dtboimg.cfg.tmp dtboimg.cfg; then \
	mv dtboimg.cfg.tmp dtboimg.cfg; \
else \
	rm dtboimg.cfg.tmp; \
fi
echo /home/no1_really/Azrael-RM6785/out/arch/arm64/boot/mtk.dtb >>dtbimg.cfg.tmp; echo " id=0" >>dtbimg.cfg.tmp; 
if ! cmp -s dtbimg.cfg.tmp dtbimg.cfg; then \
	mv dtbimg.cfg.tmp dtbimg.cfg; \
else \
	rm dtbimg.cfg.tmp; \
fi
  WRAP    arch/arm64/include/generated/uapi/asm/errno.h
  WRAP    arch/arm64/include/generated/uapi/asm/ioctl.h
  WRAP    arch/arm64/include/generated/uapi/asm/ioctls.h
  WRAP    arch/arm64/include/generated/uapi/asm/ipcbuf.h
  WRAP    arch/arm64/include/generated/uapi/asm/kvm_para.h
  WRAP    arch/arm64/include/generated/uapi/asm/mman.h
  WRAP    arch/arm64/include/generated/uapi/asm/msgbuf.h
  WRAP    arch/arm64/include/generated/uapi/asm/poll.h
  WRAP    arch/arm64/include/generated/uapi/asm/resource.h
  WRAP    arch/arm64/include/generated/uapi/asm/sembuf.h
  WRAP    arch/arm64/include/generated/uapi/asm/shmbuf.h
  WRAP    arch/arm64/include/generated/uapi/asm/socket.h
  WRAP    arch/arm64/include/generated/uapi/asm/sockios.h
  WRAP    arch/arm64/include/generated/uapi/asm/swab.h
  WRAP    arch/arm64/include/generated/uapi/asm/termbits.h
  WRAP    arch/arm64/include/generated/uapi/asm/termios.h
  WRAP    arch/arm64/include/generated/uapi/asm/types.h
  HOSTCC  scripts/basic/bin2c
  Using .. as source for kernel
  WRAP    arch/arm64/include/generated/asm/bugs.h
  WRAP    arch/arm64/include/generated/asm/clkdev.h
  WRAP    arch/arm64/include/generated/asm/delay.h
  WRAP    arch/arm64/include/generated/asm/div64.h
  WRAP    arch/arm64/include/generated/asm/dma.h
  WRAP    arch/arm64/include/generated/asm/dma-contiguous.h
  WRAP    arch/arm64/include/generated/asm/early_ioremap.h
  WRAP    arch/arm64/include/generated/asm/emergency-restart.h
  WRAP    arch/arm64/include/generated/asm/hw_irq.h
  WRAP    arch/arm64/include/generated/asm/irq_regs.h
  WRAP    arch/arm64/include/generated/asm/kdebug.h
  WRAP    arch/arm64/include/generated/asm/kmap_types.h
  WRAP    arch/arm64/include/generated/asm/local.h
  WRAP    arch/arm64/include/generated/asm/local64.h
  WRAP    arch/arm64/include/generated/asm/mcs_spinlock.h
  WRAP    arch/arm64/include/generated/asm/mm-arch-hooks.h
  WRAP    arch/arm64/include/generated/asm/msi.h
  WRAP    arch/arm64/include/generated/asm/preempt.h
  WRAP    arch/arm64/include/generated/asm/rwsem.h
  WRAP    arch/arm64/include/generated/asm/segment.h
  WRAP    arch/arm64/include/generated/asm/serial.h
  WRAP    arch/arm64/include/generated/asm/set_memory.h
  WRAP    arch/arm64/include/generated/asm/sizes.h
  WRAP    arch/arm64/include/generated/asm/switch_to.h
  WRAP    arch/arm64/include/generated/asm/trace_clock.h
  WRAP    arch/arm64/include/generated/asm/unaligned.h
  WRAP    arch/arm64/include/generated/asm/user.h
  WRAP    arch/arm64/include/generated/asm/vga.h
*GPU CONFIG_MTK_FREQ_HOPPING = Y
*GPU MT_GPUFREQ_BRINGUP = 0
*GPU MT_GPUFREQ_GED_READY = 1
*GPU MT_GPUFREQ_KICKER_PBM_READY = 1
*GPU MT_GPUFREQ_STATIC_PWR_READY2USE = 1
*GPU MT_GPUFREQ_LOW_BATT_VOLT_PROTECT = 1
*GPU MT_GPUFREQ_BATT_PERCENT_PROTECT = 1
*GPU MT_GPUFREQ_BATT_OC_PROTECT = 1
*GPU MT_GPUFREQ_DYNAMIC_POWER_TABLE_UPDATE = 1
*GPU MT_GPUFREQ_SETTLE_TIME_PROFILE = 0
..
..
  LDS     scripts/module-lto.lds
FDVT: Drv use 5.0 folder
..
..
  HOSTCC  scripts/dtc/dtc.o
  HOSTCC  scripts/genksyms/genksyms.o
..
..
  CC      scripts/mod/empty.o
  HOSTCC  scripts/dtc/flattree.o
  HOSTCC  scripts/mod/mk_elfconfig
  SHIPPED scripts/genksyms/parse.tab.c
  SHIPPED scripts/genksyms/lex.lex.c
  SHIPPED scripts/genksyms/parse.tab.h
  HOSTCC  scripts/genksyms/parse.tab.o
  CC      scripts/mod/devicetable-offsets.s
  HOSTCC  scripts/genksyms/lex.lex.o
  HOSTCC  scripts/dtc/fstree.o
../drivers/misc/mediatek/connectivity/wlan/adaptor/Makefile:53: wmt_chrdev_wifi build-in boot.img
os option: linux
$MTK_PLATFORM is [mt6785]
$WLAN_CHIP_ID is [6785]
$MTK_COMBO_CHIP is [CONNAC]
../drivers/misc/mediatek/connectivity/wlan/core/gen4m/Makefile:423: wlan_6785_axi build-in boot.img
  MKELF   scripts/mod/elfconfig.h
  HOSTCC  scripts/dtc/data.o
  CHK     scripts/mod/devicetable-offsets.h
  UPD     scripts/mod/devicetable-offsets.h
  HOSTCC  scripts/mod/sumversion.o
  HOSTCC  scripts/dtc/livetree.o
  HOSTCC  scripts/mod/modpost.o
  HOSTLD  scripts/genksyms/genksyms
  HOSTCC  scripts/selinux/genheaders/genheaders
  HOSTCC  scripts/dtc/treesource.o
************  drivers/trusty/mtee-kree mk ************
MTK_GPU_VERSION 1 = mali
  HOSTCC  scripts/selinux/mdp/mdp
  HOSTCC  scripts/dtc/srcpos.o
*MTK_GPU_VERSION 2 = bifrost
*MTK_GPU_VERSION 3 = r36p0
mali MTK evironment, building r36p0 DDK
mtk-Kbuild CONFIG_MALI_PLATFORM_THIRDPARTY := y
mtk-Kbuild CONFIG_MALI_PLATFORM_THIRDPARTY_NAME := "mt6785"
*GPU defined GPU BM QoS 2.0
mali MTK evironment, building r36p0 DDK
mtk-Kbuild CONFIG_MALI_PLATFORM_THIRDPARTY := y
mtk-Kbuild CONFIG_MALI_PLATFORM_THIRDPARTY_NAME := "mt6785"
*GPU defined GPU BM QoS 2.0
  HOSTCC  scripts/dtc/checks.o
mali MTK evironment, building r36p0 DDK
mtk-Kbuild CONFIG_MALI_PLATFORM_THIRDPARTY := y
mtk-Kbuild CONFIG_MALI_PLATFORM_THIRDPARTY_NAME := "mt6785"
*GPU defined GPU BM QoS 2.0
  HOSTCC  scripts/dtc/util.o
imgsensor drv by common ../common/v1_1/imx682_mipi_raw/ ../common/v1_1/s5kgm1sp_mipi_raw/ ../common/v1_1/sarter_qtech_main_s5kgm1sp/ ../common/v1_1/imx471_mipi_raw1/ ../common/v1_1/ov8856_mipi_raw/ ../common/v1_1/ov02b10_mipi_raw/ ../common/v1_1/ov02b1b_mipi_mono/ ../common/v1_1/s5kgw1_mipi_raw/ ../common/v1_1/s5k3p9sp_mipi_raw/ ../common/v1_1/gc2375h_mipi_raw_19661/ ../common/v1_1/gc02m0_mipi_mono/ ../common/v1_1/gc02k0_mipi_raw/ ../common/v1_1/salaa_qtech_main_s5kgm1sp/ ../common/v1_1/sala_wide_ov8856/
imgsensor drv by platform 
  HOSTCC  scripts/mod/file2alias.o
  HOSTCC  scripts/kallsyms
  SHIPPED scripts/dtc/dtc-lexer.lex.c
  SHIPPED scripts/dtc/dtc-parser.tab.h
  SHIPPED scripts/dtc/dtc-parser.tab.c
  HOSTCC  scripts/dtc/dtc-lexer.lex.o
  HOSTCC  scripts/pnmtologo
  HOSTLD  scripts/mod/modpost
  HOSTCC  scripts/sortextable
  HOSTCC  scripts/dtc/dtc-parser.tab.o
  HOSTLD  scripts/dtc/dtc
  HOSTCC  scripts/asn1_compiler
  HOSTCC  scripts/extract-cert
../drivers/tee/Makefile:4: "tee config----- CONFIG_TEE: Y"
../drivers/tee/Makefile:5: "tee config----- CONFIG_TRUSTONIC_TEE_SUPPORT: Y"
../drivers/tee/Makefile:6: "tee config----- CONFIG_TRUSTONIC_TEE_VERSION: "500""
  CC      kernel/bounds.s
  CHK     include/generated/timeconst.h
  UPD     include/generated/timeconst.h
  CHK     include/generated/bounds.h
  UPD     include/generated/bounds.h
  CC      arch/arm64/kernel/asm-offsets.s
TCORE_UT_TESTS_SUPPORT = n
TCORE_PROFILING_SUPPORT = n
TCORE_PROFILING_AUTO_DUMP = n
TCORE_MEMORY_LEAK_DETECTION_SUPPORT = n
  CHK     include/generated/asm-offsets.h
  UPD     include/generated/asm-offsets.h
  CALL    ../scripts/checksyscalls.sh
  LDS     arch/arm64/kernel/vdso/vdso.lds
  VDSOC   arch/arm64/kernel/vdso/vgettimeofday.o
  VDSOA   arch/arm64/kernel/vdso/note.o
  VDSOA   arch/arm64/kernel/vdso/sigreturn.o
  LD      arch/arm64/kernel/vdso/vdso.so.dbg
  VDSOSYM include/generated/vdso-offsets.h
  LDS     arch/arm64/kernel/vdso32/vdso.lds
  VDSOC32   arch/arm64/kernel/vdso32/vgettimeofday.o
  VDSOA32   arch/arm64/kernel/vdso32/sigreturn.o
  HOSTCC  arch/arm64/kernel/vdso32/../../../arm/vdso/vdsomunge
  VDSOL32   arch/arm64/kernel/vdso32/vdso.so.raw
  MUNGE   arch/arm64/kernel/vdso32/vdso.so.dbg
  VDSOSYM include/generated/vdso32-offsets.h
  CC      init/main.o
  HOSTCC  usr/gen_init_cpio
  CC      arch/arm64/mm/dma-mapping.o
  CC      arch/arm64/kernel/debug-monitors.o
  GEN     usr/initramfs_data.cpio
  AS      usr/initramfs_data.o
  AR      usr/built-in.o
  CC      arch/arm64/mm/extable.o
  CC      arch/arm64/net/bpf_jit_comp.o
  AS      arch/arm64/kernel/entry.o
  CC      arch/arm64/kernel/irq.o
  CC      arch/arm64/mm/fault.o
  CC      arch/arm64/kernel/fpsimd.o
  CC      arch/arm64/mm/init.o
  CHK     include/generated/compile.h
  AS      arch/arm64/kernel/entry-fpsimd.o
  CC      arch/arm64/kernel/process.o
  UPD     include/generated/compile.h
  CC      init/do_mounts.o
  AR      arch/arm64/net/built-in.o
  CC      arch/arm64/crypto/sha2-ce-glue.o
  AS      arch/arm64/mm/cache.o
  CC      arch/arm64/kernel/ptrace.o
  AS      arch/arm64/crypto/sha2-ce-core.o
  CC      arch/arm64/mm/copypage.o
  AS      arch/arm64/crypto/aes-ce-core.o
  CC      arch/arm64/crypto/aes-ce-glue.o
  CC      arch/arm64/mm/flush.o
  CC      arch/arm64/crypto/aes-glue-ce.o
  CC      arch/arm64/mm/ioremap.o
  CC      arch/arm64/kernel/setup.o
  AS      arch/arm64/crypto/aes-ce.o
  CC      arch/arm64/mm/mmap.o
  CC      arch/arm64/crypto/sha256-glue.o
  CC      arch/arm64/kernel/signal.o
  CC      arch/arm64/mm/pgd.o
  CC      init/do_mounts_rd.o
  CC      arch/arm64/mm/mmu.o
  SHIPPED arch/arm64/crypto/sha256-core.S
  AS      arch/arm64/crypto/aes-cipher-core.o
  CC      arch/arm64/crypto/aes-cipher-glue.o
  CC      init/do_mounts_initrd.o
  CC      arch/arm64/kernel/sys.o
  AR      arch/arm64/crypto/sha2-ce.o
  AR      arch/arm64/crypto/aes-ce-cipher.o
  CC      init/noinitramfs.o
  AR      arch/arm64/crypto/aes-ce-blk.o
  AS      arch/arm64/crypto/sha256-core.o
  AR      arch/arm64/crypto/aes-arm64.o
  AR      arch/arm64/crypto/sha256-arm64.o
  AR      arch/arm64/crypto/built-in.o
  CC      kernel/fork.o
  CC      arch/arm64/kernel/stacktrace.o
  CC      arch/arm64/mm/context.o
  CC      init/initramfs.o
  AS      arch/arm64/mm/proc.o
  CC      arch/arm64/mm/pageattr.o
  CC      arch/arm64/kernel/time.o
  CC      init/calibrate.o
  AS      arch/arm64/mm/cache-mtk-v8.o
  CC      init/init_task.o
  AR      arch/arm64/mm/built-in.o
  CC      kernel/exec_domain.o
  CC      arch/arm64/kernel/traps.o
  CC      certs/system_keyring.o
  CC      init/version.o
  EXTRACT_CERTS   
  CC      arch/arm64/kernel/io.o
  AS      certs/system_certificates.o
  AR      certs/built-in.o
  AR      init/mounts.o
  AR      init/built-in.o
  CC      mm/filemap.o
  CC      fs/open.o
  CC      arch/arm64/kernel/vdso.o
  CC      kernel/panic.o
  AS      arch/arm64/kernel/hyp-stub.o
  CC      arch/arm64/kernel/psci.o
